============================= test session starts =============================
platform win32 -- Python 3.14.0, pytest-9.1.1, pluggy-1.6.0 -- C:\Users\ThinkPad\Desktop\Gameglitch\ai110-module1show-gameglitchinvestigator-starter\.venv\Scripts\python.exe
cachedir: .pytest_cache
rootdir: C:\Users\ThinkPad\Desktop\Gameglitch\ai110-module1show-gameglitchinvestigator-starter
plugins: anyio-4.14.0
collecting ... collected 4 items

tests/test_game_logic.py::test_winning_guess PASSED                      [ 25%]
tests/test_game_logic.py::test_guess_too_high PASSED                     [ 50%]
tests/test_game_logic.py::test_guess_too_low PASSED                      [ 75%]
tests/test_game_logic.py::test_new_game_bug_string_secret PASSED         [100%]

============================== 4 passed in 0.07s ==============================
